<?xml version="1.0" encoding="UTF-8"?>
<testsuite xmlns:xsi="http://www.w3.org/2001/XMLSchema-instance" xsi:noNamespaceSchemaLocation="https://maven.apache.org/surefire/maven-surefire-plugin/xsd/surefire-test-report-3.0.xsd" version="3.0" name="com.example.booking.BookingApplicationTests" time="4.277" tests="1" errors="0" skipped="0" failures="0">
  <properties>
[...]
</properties>
  <testcase name="contextLoads" classname="com.example.booking.BookingApplicationTests" time="1.13">
    <system-out><![CDATA[20:39:47.699 [main] INFO org.springframework.test.context.support.AnnotationConfigContextLoaderUtils -- Could not detect default configuration classes for test class [com.example.booking.BookingApplicationTests]: BookingApplicationTests does not declare any static, non-private, non-final, nested classes annotated with @Configuration.
20:39:47.861 [main] INFO org.springframework.boot.test.context.SpringBootTestContextBootstrapper -- Found @SpringBootConfiguration com.example.booking.BookingApplication for test class com.example.booking.BookingApplicationTests
20:39:48.117 [main] INFO org.springframework.boot.devtools.restart.RestartApplicationListener -- Restart disabled due to context in which it is running

  .   ____          _            __ _ _
 /\\ / ___'_ __ _ _(_)_ __  __ _ \ \ \ \
( ( )\___ | '_ | '_| | '_ \/ _` | \ \ \ \
 \\/  ___)| |_)| | | | | || (_| |  ) ) ) )
  '  |____| .__|_| |_|_| |_\__, | / / / /
 =========|_|==============|___/=/_/_/_/
 :: Spring Boot ::                (v3.2.0)

2023-12-01T20:39:48.431Z  INFO 42592 --- [           main] c.e.booking.BookingApplicationTests      : Starting BookingApplicationTests using Java 17.0.4.1 with PID 42592 (started by cfost in C:\Users\cfost\gradle\Downloads\booking\booking)
2023-12-01T20:39:48.432Z  INFO 42592 --- [           main] c.e.booking.BookingApplicationTests      : No active profile set, falling back to 1 default profile: "default"
2023-12-01T20:39:50.599Z  INFO 42592 --- [           main] c.e.booking.BookingApplicationTests      : Started BookingApplicationTests in 2.5 seconds (process running for 3.833)
Booking added successfully.
Booking added successfully.
Booking added successfully.
Booking added successfully.
Booking added successfully.
]]></system-out>
  </testcase>
</testsuite>